-29;-16;2;EAST;NORTH;
-29;-15;2;EAST;SOUTH;
-28;-16;3;EAST;NORTH;WEST;
-28;-15;4;EAST;NORTH;WEST;SOUTH;
-28;-14;3;EAST;NORTH;SOUTH;
-28;-13;3;EAST;NORTH;SOUTH;
-28;-12;3;EAST;NORTH;SOUTH;
-28;-11;3;EAST;NORTH;SOUTH;
-28;-10;3;EAST;NORTH;SOUTH;
-28;-9;3;EAST;NORTH;SOUTH;
-28;-8;2;EAST;SOUTH;
-27;-16;3;EAST;NORTH;WEST;
-27;-15;4;EAST;NORTH;WEST;SOUTH;
-27;-14;4;EAST;NORTH;WEST;SOUTH;
-27;-13;4;EAST;NORTH;WEST;SOUTH;
-27;-12;4;EAST;NORTH;WEST;SOUTH;
-27;-11;4;EAST;NORTH;WEST;SOUTH;
-27;-10;3;NORTH;WEST;SOUTH;
-27;-9;3;NORTH;WEST;SOUTH;
-27;-8;4;EAST;NORTH;WEST;SOUTH;
-27;-7;3;EAST;NORTH;SOUTH;
-27;-6;2;NORTH;SOUTH;
-27;-5;2;NORTH;SOUTH;
-27;-4;2;EAST;SOUTH;
-26;-16;2;NORTH;WEST;
-26;-15;4;EAST;NORTH;WEST;SOUTH;
-26;-14;4;EAST;NORTH;WEST;SOUTH;
-26;-13;4;EAST;NORTH;WEST;SOUTH;
-26;-12;4;EAST;NORTH;WEST;SOUTH;
-26;-11;2;WEST;SOUTH;
-26;-8;3;EAST;NORTH;WEST;
-26;-7;3;EAST;WEST;SOUTH;
-26;-4;2;EAST;WEST;
-25;-15;3;EAST;NORTH;WEST;
-25;-14;4;EAST;NORTH;WEST;SOUTH;
-25;-13;4;EAST;NORTH;WEST;SOUTH;
-25;-12;2;WEST;SOUTH;
-25;-9;2;EAST;NORTH;
-25;-8;4;EAST;NORTH;WEST;SOUTH;
-25;-7;4;EAST;NORTH;WEST;SOUTH;
-25;-6;3;EAST;NORTH;SOUTH;
-25;-5;3;EAST;NORTH;SOUTH;
-25;-4;2;WEST;SOUTH;
-24;-15;2;NORTH;WEST;
-24;-14;3;NORTH;WEST;SOUTH;
-24;-13;3;EAST;WEST;SOUTH;
-24;-9;3;EAST;NORTH;WEST;
-24;-8;4;EAST;NORTH;WEST;SOUTH;
-24;-7;4;EAST;NORTH;WEST;SOUTH;
-24;-6;4;EAST;NORTH;WEST;SOUTH;
-24;-5;3;EAST;WEST;SOUTH;
-23;-13;3;EAST;NORTH;WEST;
-23;-12;2;EAST;SOUTH;
-23;-9;3;EAST;NORTH;WEST;
-23;-8;4;EAST;NORTH;WEST;SOUTH;
-23;-7;4;EAST;NORTH;WEST;SOUTH;
-23;-6;4;EAST;NORTH;WEST;SOUTH;
-23;-5;2;WEST;SOUTH;
-22;-15;2;EAST;NORTH;
-22;-14;3;EAST;NORTH;SOUTH;
-22;-13;4;EAST;NORTH;WEST;SOUTH;
-22;-12;3;EAST;WEST;SOUTH;
-22;-9;3;EAST;NORTH;WEST;
-22;-8;4;EAST;NORTH;WEST;SOUTH;
-22;-7;4;EAST;NORTH;WEST;SOUTH;
-22;-6;2;WEST;SOUTH;
-21;-15;3;EAST;NORTH;WEST;
-21;-14;4;EAST;NORTH;WEST;SOUTH;
-21;-13;4;EAST;NORTH;WEST;SOUTH;
-21;-12;3;EAST;WEST;SOUTH;
-21;-9;2;NORTH;WEST;
-21;-8;3;NORTH;WEST;SOUTH;
-21;-7;3;EAST;WEST;SOUTH;
-20;-17;2;EAST;NORTH;
-20;-16;2;NORTH;SOUTH;
-20;-15;4;EAST;NORTH;WEST;SOUTH;
-20;-14;4;EAST;NORTH;WEST;SOUTH;
-20;-13;4;EAST;NORTH;WEST;SOUTH;
-20;-12;4;EAST;NORTH;WEST;SOUTH;
-20;-11;2;EAST;SOUTH;
-20;-7;2;EAST;WEST;
-19;-17;2;EAST;WEST;
-19;-15;3;EAST;NORTH;WEST;
-19;-14;4;EAST;NORTH;WEST;SOUTH;
-19;-13;4;EAST;NORTH;WEST;SOUTH;
-19;-12;4;EAST;NORTH;WEST;SOUTH;
-19;-11;3;EAST;WEST;SOUTH;
-19;-9;2;EAST;NORTH;
-19;-8;3;EAST;NORTH;SOUTH;
-19;-7;3;EAST;WEST;SOUTH;
-18;-22;2;EAST;NORTH;
-18;-21;2;EAST;SOUTH;
-18;-17;2;EAST;WEST;
-18;-15;3;EAST;NORTH;WEST;
-18;-14;4;EAST;NORTH;WEST;SOUTH;
-18;-13;4;EAST;NORTH;WEST;SOUTH;
-18;-12;4;EAST;NORTH;WEST;SOUTH;
-18;-11;3;EAST;WEST;SOUTH;
-18;-9;2;NORTH;WEST;
-18;-8;3;NORTH;WEST;SOUTH;
-18;-7;3;NORTH;WEST;SOUTH;
-18;-6;3;EAST;NORTH;SOUTH;
-18;-5;3;EAST;NORTH;SOUTH;
-18;-4;2;EAST;SOUTH;
-18;0;2;EAST;NORTH;
-18;1;2;EAST;SOUTH;
-17;-22;3;EAST;NORTH;WEST;
-17;-21;3;NORTH;WEST;SOUTH;
-17;-20;2;EAST;SOUTH;
-17;-18;2;EAST;NORTH;
-17;-17;4;EAST;NORTH;WEST;SOUTH;
-17;-16;3;EAST;NORTH;SOUTH;
-17;-15;4;EAST;NORTH;WEST;SOUTH;
-17;-14;4;EAST;NORTH;WEST;SOUTH;
-17;-13;4;EAST;NORTH;WEST;SOUTH;
-17;-12;4;EAST;NORTH;WEST;SOUTH;
-17;-11;4;EAST;NORTH;WEST;SOUTH;
-17;-10;2;EAST;SOUTH;
-17;-6;3;EAST;NORTH;WEST;
-17;-5;4;EAST;NORTH;WEST;SOUTH;
-17;-4;4;EAST;NORTH;WEST;SOUTH;
-17;-3;3;EAST;NORTH;SOUTH;
-17;-2;3;EAST;NORTH;SOUTH;
-17;-1;3;EAST;NORTH;SOUTH;
-17;0;4;EAST;NORTH;WEST;SOUTH;
-17;1;4;EAST;NORTH;WEST;SOUTH;
-17;2;2;EAST;SOUTH;
-16;-22;2;EAST;WEST;
-16;-20;3;EAST;NORTH;WEST;
-16;-19;3;EAST;NORTH;SOUTH;
-16;-18;4;EAST;NORTH;WEST;SOUTH;
-16;-17;4;EAST;NORTH;WEST;SOUTH;
-16;-16;4;EAST;NORTH;WEST;SOUTH;
-16;-15;4;EAST;NORTH;WEST;SOUTH;
-16;-14;4;EAST;NORTH;WEST;SOUTH;
-16;-13;4;EAST;NORTH;WEST;SOUTH;
-16;-12;4;EAST;NORTH;WEST;SOUTH;
-16;-11;4;EAST;NORTH;WEST;SOUTH;
-16;-10;3;EAST;WEST;SOUTH;
-16;-6;3;EAST;NORTH;WEST;
-16;-5;4;EAST;NORTH;WEST;SOUTH;
-16;-4;4;EAST;NORTH;WEST;SOUTH;
-16;-3;4;EAST;NORTH;WEST;SOUTH;
-16;-2;4;EAST;NORTH;WEST;SOUTH;
-16;-1;4;EAST;NORTH;WEST;SOUTH;
-16;0;4;EAST;NORTH;WEST;SOUTH;
-16;1;4;EAST;NORTH;WEST;SOUTH;
-16;2;3;NORTH;WEST;SOUTH;
-16;3;2;NORTH;SOUTH;
-16;4;2;NORTH;SOUTH;
-16;5;2;EAST;SOUTH;
-15;-22;2;EAST;WEST;
-15;-20;3;EAST;NORTH;WEST;
-15;-19;4;EAST;NORTH;WEST;SOUTH;
-15;-18;4;EAST;NORTH;WEST;SOUTH;
-15;-17;3;NORTH;WEST;SOUTH;
-15;-16;3;NORTH;WEST;SOUTH;
-15;-15;4;EAST;NORTH;WEST;SOUTH;
-15;-14;3;NORTH;WEST;SOUTH;
-15;-13;3;NORTH;WEST;SOUTH;
-15;-12;3;NORTH;WEST;SOUTH;
-15;-11;3;NORTH;WEST;SOUTH;
-15;-10;3;EAST;WEST;SOUTH;
-15;-6;3;EAST;NORTH;WEST;
-15;-5;4;EAST;NORTH;WEST;SOUTH;
-15;-4;4;EAST;NORTH;WEST;SOUTH;
-15;-3;3;NORTH;WEST;SOUTH;
-15;-2;4;EAST;NORTH;WEST;SOUTH;
-15;-1;4;EAST;NORTH;WEST;SOUTH;
-15;0;3;NORTH;WEST;SOUTH;
-15;1;2;WEST;SOUTH;
-15;5;2;EAST;WEST;
-14;-22;2;EAST;WEST;
-14;-20;3;EAST;NORTH;WEST;
-14;-19;4;EAST;NORTH;WEST;SOUTH;
-14;-18;3;EAST;WEST;SOUTH;
-14;-15;2;EAST;WEST;
-14;-10;2;NORTH;WEST;
-14;-9;3;EAST;NORTH;SOUTH;
-14;-8;3;EAST;NORTH;SOUTH;
-14;-7;3;EAST;NORTH;SOUTH;
-14;-6;4;EAST;NORTH;WEST;SOUTH;
-14;-5;3;NORTH;WEST;SOUTH;
-14;-4;2;WEST;SOUTH;
-14;-2;3;EAST;NORTH;WEST;
-14;-1;3;EAST;WEST;SOUTH;
-14;5;2;NORTH;WEST;
-14;6;2;EAST;SOUTH;
-13;-23;2;EAST;NORTH;
-13;-22;3;EAST;WEST;SOUTH;
-13;-20;3;EAST;NORTH;WEST;
-13;-19;3;NORTH;WEST;SOUTH;
-13;-18;3;NORTH;WEST;SOUTH;
-13;-17;2;NORTH;SOUTH;
-13;-16;2;NORTH;SOUTH;
-13;-15;2;WEST;SOUTH;
-13;-9;3;EAST;NORTH;WEST;
-13;-8;4;EAST;NORTH;WEST;SOUTH;
-13;-7;4;EAST;NORTH;WEST;SOUTH;
-13;-6;3;EAST;WEST;SOUTH;
-13;-2;3;EAST;NORTH;WEST;
-13;-1;4;EAST;NORTH;WEST;SOUTH;
-13;0;2;EAST;SOUTH;
-13;6;2;EAST;WEST;
-12;-23;3;EAST;NORTH;WEST;
-12;-22;4;EAST;NORTH;WEST;SOUTH;
-12;-21;2;NORTH;SOUTH;
-12;-20;2;WEST;SOUTH;
-12;-10;2;EAST;NORTH;
-12;-9;3;NORTH;WEST;SOUTH;
-12;-8;4;EAST;NORTH;WEST;SOUTH;
-12;-7;4;EAST;NORTH;WEST;SOUTH;
-12;-6;3;EAST;WEST;SOUTH;
-12;-2;3;EAST;NORTH;WEST;
-12;-1;4;EAST;NORTH;WEST;SOUTH;
-12;0;3;EAST;WEST;SOUTH;
-12;2;2;EAST;NORTH;
-12;3;2;EAST;SOUTH;
-12;5;2;EAST;NORTH;
-12;6;2;WEST;SOUTH;
-11;-28;2;EAST;NORTH;
-11;-27;2;EAST;SOUTH;
-11;-23;3;EAST;NORTH;WEST;
-11;-22;3;EAST;WEST;SOUTH;
-11;-10;2;EAST;WEST;
-11;-8;3;EAST;NORTH;WEST;
-11;-7;4;EAST;NORTH;WEST;SOUTH;
-11;-6;4;EAST;NORTH;WEST;SOUTH;
-11;-5;3;EAST;NORTH;SOUTH;
-11;-4;3;EAST;NORTH;SOUTH;
-11;-3;3;EAST;NORTH;SOUTH;
-11;-2;4;EAST;NORTH;WEST;SOUTH;
-11;-1;4;EAST;NORTH;WEST;SOUTH;
-11;0;3;EAST;WEST;SOUTH;
-11;2;3;EAST;NORTH;WEST;
-11;3;4;EAST;NORTH;WEST;SOUTH;
-11;4;3;EAST;NORTH;SOUTH;
-11;5;3;EAST;WEST;SOUTH;
-10;-28;3;EAST;NORTH;WEST;
-10;-27;3;EAST;NORTH;WEST;
-10;-26;2;EAST;NORTH;
-10;-25;3;EAST;NORTH;SOUTH;
-10;-24;2;EAST;NORTH;
-10;-23;4;EAST;NORTH;WEST;SOUTH;
-10;-22;3;EAST;WEST;SOUTH;
-10;-10;2;EAST;WEST;
-10;-8;2;NORTH;WEST;
-10;-7;3;NORTH;WEST;SOUTH;
-10;-6;4;EAST;NORTH;WEST;SOUTH;
-10;-5;4;EAST;NORTH;WEST;SOUTH;
-10;-4;4;EAST;NORTH;WEST;SOUTH;
-10;-3;4;EAST;NORTH;WEST;SOUTH;
-10;-2;4;EAST;NORTH;WEST;SOUTH;
-10;-1;4;EAST;NORTH;WEST;SOUTH;
-10;0;3;NORTH;WEST;SOUTH;
-10;1;3;EAST;NORTH;SOUTH;
-10;2;4;EAST;NORTH;WEST;SOUTH;
-10;3;4;EAST;NORTH;WEST;SOUTH;
-10;4;3;NORTH;WEST;SOUTH;
-10;5;2;WEST;SOUTH;
-9;-28;3;EAST;NORTH;WEST;
-9;-27;2;NORTH;WEST;
-9;-26;3;NORTH;WEST;SOUTH;
-9;-25;3;EAST;NORTH;WEST;
-9;-24;2;NORTH;WEST;
-9;-23;4;EAST;NORTH;WEST;SOUTH;
-9;-22;3;EAST;WEST;SOUTH;
-9;-13;2;EAST;NORTH;
-9;-12;3;EAST;NORTH;SOUTH;
-9;-11;3;EAST;NORTH;SOUTH;
-9;-10;4;EAST;NORTH;WEST;SOUTH;
-9;-9;2;EAST;SOUTH;
-9;-6;3;EAST;NORTH;WEST;
-9;-5;4;EAST;NORTH;WEST;SOUTH;
-9;-4;4;EAST;NORTH;WEST;SOUTH;
-9;-3;4;EAST;NORTH;WEST;SOUTH;
-9;-2;4;EAST;NORTH;WEST;SOUTH;
-9;-1;3;EAST;WEST;SOUTH;
-9;1;3;EAST;NORTH;WEST;
-9;2;4;EAST;NORTH;WEST;SOUTH;
-9;3;3;EAST;WEST;SOUTH;
-9;4;4;EAST;NORTH;WEST;SOUTH;
-9;5;4;EAST;NORTH;WEST;SOUTH;
-9;6;2;EAST;SOUTH;
-8;-28;2;NORTH;WEST;
-8;-27;3;EAST;WEST;SOUTH;
-8;-25;3;EAST;NORTH;WEST;
-8;-24;4;EAST;NORTH;WEST;SOUTH;
-8;-23;2;NORTH;WEST;
-8;-22;2;WEST;SOUTH;
-8;-13;3;EAST;NORTH;WEST;
-8;-12;4;EAST;NORTH;WEST;SOUTH;
-8;-11;3;NORTH;WEST;SOUTH;
-8;-10;3;NORTH;WEST;SOUTH;
-8;-9;2;WEST;SOUTH;
-8;-6;3;EAST;NORTH;WEST;
-8;-5;4;EAST;NORTH;WEST;SOUTH;
-8;-4;4;EAST;NORTH;WEST;SOUTH;
-8;-3;4;EAST;NORTH;WEST;SOUTH;
-8;-2;4;EAST;NORTH;WEST;SOUTH;
-8;-1;4;EAST;NORTH;WEST;SOUTH;
-8;0;3;EAST;NORTH;SOUTH;
-8;1;4;EAST;NORTH;WEST;SOUTH;
-8;2;4;EAST;NORTH;WEST;SOUTH;
-8;3;3;EAST;WEST;SOUTH;
-8;4;4;EAST;NORTH;WEST;SOUTH;
-8;5;2;EAST;NORTH;
-8;6;2;WEST;SOUTH;
-7;-28;3;EAST;NORTH;WEST;
-7;-27;2;WEST;SOUTH;
-7;-25;2;EAST;NORTH;
-7;-24;2;WEST;SOUTH;
-7;-14;2;EAST;NORTH;
-7;-13;4;EAST;NORTH;WEST;SOUTH;
-7;-12;3;EAST;WEST;SOUTH;
-7;-8;2;EAST;NORTH;
-7;-7;3;EAST;NORTH;SOUTH;
-7;-6;4;EAST;NORTH;WEST;SOUTH;
-7;-5;4;EAST;NORTH;WEST;SOUTH;
-7;-4;4;EAST;NORTH;WEST;SOUTH;
-7;-3;4;EAST;NORTH;WEST;SOUTH;
-7;-2;4;EAST;NORTH;WEST;SOUTH;
-7;-1;4;EAST;NORTH;WEST;SOUTH;
-7;0;4;EAST;NORTH;WEST;SOUTH;
-7;1;3;NORTH;WEST;SOUTH;
-7;2;3;NORTH;WEST;SOUTH;
-7;3;2;WEST;SOUTH;
-7;4;4;EAST;NORTH;WEST;SOUTH;
-7;5;2;EAST;WEST;
-6;-28;2;EAST;WEST;
-6;-25;2;EAST;WEST;
-6;-14;3;EAST;NORTH;WEST;
-6;-13;4;EAST;NORTH;WEST;SOUTH;
-6;-12;3;EAST;WEST;SOUTH;
-6;-8;3;EAST;NORTH;WEST;
-6;-7;4;EAST;NORTH;WEST;SOUTH;
-6;-6;4;EAST;NORTH;WEST;SOUTH;
-6;-5;4;EAST;NORTH;WEST;SOUTH;
-6;-4;3;NORTH;WEST;SOUTH;
-6;-3;3;NORTH;WEST;SOUTH;
-6;-2;3;NORTH;WEST;SOUTH;
-6;-1;4;EAST;NORTH;WEST;SOUTH;
-6;0;3;EAST;WEST;SOUTH;
-6;4;3;EAST;NORTH;WEST;
-6;5;3;EAST;NORTH;WEST;
-6;6;3;EAST;NORTH;SOUTH;
-6;7;3;EAST;NORTH;SOUTH;
-6;8;3;EAST;NORTH;SOUTH;
-6;9;2;EAST;SOUTH;
-5;-28;2;EAST;WEST;
-5;-25;2;EAST;WEST;
-5;-14;2;NORTH;WEST;
-5;-13;4;EAST;NORTH;WEST;SOUTH;
-5;-12;4;EAST;NORTH;WEST;SOUTH;
-5;-11;2;EAST;SOUTH;
-5;-9;2;EAST;NORTH;
-5;-8;4;EAST;NORTH;WEST;SOUTH;
-5;-7;3;NORTH;WEST;SOUTH;
-5;-6;3;NORTH;WEST;SOUTH;
-5;-5;2;WEST;SOUTH;
-5;-1;3;EAST;NORTH;WEST;
-5;0;2;WEST;SOUTH;
-5;3;2;EAST;NORTH;
-5;4;3;NORTH;WEST;SOUTH;
-5;5;2;EAST;NORTH;
-5;6;2;NORTH;SOUTH;
-5;7;2;EAST;SOUTH;
-5;8;3;EAST;NORTH;SOUTH;
-5;9;3;EAST;WEST;SOUTH;
-4;-29;2;EAST;NORTH;
-4;-28;2;WEST;SOUTH;
-4;-25;2;EAST;WEST;
-4;-13;3;EAST;NORTH;WEST;
-4;-12;4;EAST;NORTH;WEST;SOUTH;
-4;-11;4;EAST;NORTH;WEST;SOUTH;
-4;-10;3;EAST;NORTH;SOUTH;
-4;-9;4;EAST;NORTH;WEST;SOUTH;
-4;-8;3;EAST;WEST;SOUTH;
-4;-1;2;EAST;WEST;
-4;0;4;EAST;NORTH;WEST;SOUTH;
-4;1;3;EAST;NORTH;SOUTH;
-4;2;2;EAST;SOUTH;
-4;3;4;EAST;NORTH;WEST;SOUTH;
-4;4;4;EAST;NORTH;WEST;SOUTH;
-4;5;3;EAST;NORTH;WEST;
-4;6;4;EAST;NORTH;WEST;SOUTH;
-4;7;2;NORTH;WEST;
-4;8;2;NORTH;SOUTH;
-4;9;2;EAST;SOUTH;
-3;-29;2;EAST;WEST;
-3;-25;2;EAST;WEST;
-3;-17;2;EAST;NORTH;
-3;-16;2;EAST;SOUTH;
-3;-13;2;NORTH;WEST;
-3;-12;3;NORTH;WEST;SOUTH;
-3;-11;4;EAST;NORTH;WEST;SOUTH;
-3;-10;4;EAST;NORTH;WEST;SOUTH;
-3;-9;4;EAST;NORTH;WEST;SOUTH;
-3;-8;4;EAST;NORTH;WEST;SOUTH;
-3;-7;3;EAST;NORTH;SOUTH;
-3;-6;3;EAST;NORTH;SOUTH;
-3;-5;3;EAST;NORTH;SOUTH;
-3;-4;3;EAST;NORTH;SOUTH;
-3;-3;2;EAST;SOUTH;
-3;-1;2;EAST;WEST;
-3;0;4;EAST;NORTH;WEST;SOUTH;
-3;1;2;EAST;SOUTH;
-3;2;4;EAST;NORTH;WEST;SOUTH;
-3;3;2;NORTH;SOUTH;
-3;4;2;NORTH;SOUTH;
-3;5;2;EAST;SOUTH;
-3;6;4;EAST;NORTH;WEST;SOUTH;
-3;7;4;EAST;NORTH;WEST;SOUTH;
-3;8;4;EAST;NORTH;WEST;SOUTH;
-3;9;2;EAST;WEST;
-2;-29;2;NORTH;WEST;
-2;-28;2;NORTH;SOUTH;
-2;-27;2;EAST;SOUTH;
-2;-25;2;EAST;WEST;
-2;-17;3;EAST;NORTH;WEST;
-2;-16;4;EAST;NORTH;WEST;SOUTH;
-2;-15;3;EAST;NORTH;SOUTH;
-2;-14;2;EAST;SOUTH;
-2;-11;3;EAST;NORTH;WEST;
-2;-10;4;EAST;NORTH;WEST;SOUTH;
-2;-9;4;EAST;NORTH;WEST;SOUTH;
-2;-8;4;EAST;NORTH;WEST;SOUTH;
-2;-7;4;EAST;NORTH;WEST;SOUTH;
-2;-6;4;EAST;NORTH;WEST;SOUTH;
-2;-5;4;EAST;NORTH;WEST;SOUTH;
-2;-4;4;EAST;NORTH;WEST;SOUTH;
-2;-3;3;EAST;WEST;SOUTH;
-2;-1;3;EAST;NORTH;WEST;
-2;0;2;NORTH;SOUTH;
-2;1;2;NORTH;SOUTH;
-2;2;2;EAST;SOUTH;
-2;3;4;EAST;NORTH;WEST;SOUTH;
-2;4;3;NORTH;WEST;SOUTH;
-2;5;2;NORTH;WEST;
-2;6;2;NORTH;SOUTH;
-2;7;2;NORTH;SOUTH;
-2;8;2;NORTH;SOUTH;
-2;9;2;WEST;SOUTH;
-1;-27;2;EAST;WEST;
-1;-25;2;EAST;WEST;
-1;-17;2;NORTH;WEST;
-1;-16;3;NORTH;WEST;SOUTH;
-1;-15;4;EAST;NORTH;WEST;SOUTH;
-1;-14;4;EAST;NORTH;WEST;SOUTH;
-1;-13;2;EAST;SOUTH;
-1;-11;3;EAST;NORTH;WEST;
-1;-10;4;EAST;NORTH;WEST;SOUTH;
-1;-9;4;EAST;NORTH;WEST;SOUTH;
-1;-8;4;EAST;NORTH;WEST;SOUTH;
-1;-7;4;EAST;NORTH;WEST;SOUTH;
-1;-6;4;EAST;NORTH;WEST;SOUTH;
-1;-5;4;EAST;NORTH;WEST;SOUTH;
-1;-4;4;EAST;NORTH;WEST;SOUTH;
-1;-3;4;EAST;NORTH;WEST;SOUTH;
-1;-2;3;EAST;NORTH;SOUTH;
-1;-1;3;EAST;WEST;SOUTH;
-1;0;4;EAST;NORTH;WEST;SOUTH;
-1;1;4;EAST;NORTH;WEST;SOUTH;
-1;2;2;EAST;WEST;
-1;3;4;EAST;NORTH;WEST;SOUTH;
-1;4;3;EAST;WEST;SOUTH;
-1;10;2;EAST;NORTH;
-1;11;3;EAST;NORTH;SOUTH;
-1;12;3;EAST;NORTH;SOUTH;
-1;13;3;EAST;NORTH;SOUTH;
-1;14;3;EAST;NORTH;SOUTH;
-1;15;2;EAST;SOUTH;
0;-27;2;EAST;WEST;
0;-25;2;NORTH;WEST;
0;-24;2;NORTH;SOUTH;
0;-23;2;EAST;SOUTH;
0;-15;2;NORTH;WEST;
0;-14;4;EAST;NORTH;WEST;SOUTH;
0;-13;4;EAST;NORTH;WEST;SOUTH;
0;-12;3;EAST;NORTH;SOUTH;
0;-11;3;NORTH;WEST;SOUTH;
0;-10;4;EAST;NORTH;WEST;SOUTH;
0;-9;4;EAST;NORTH;WEST;SOUTH;
0;-8;4;EAST;NORTH;WEST;SOUTH;
0;-7;4;EAST;NORTH;WEST;SOUTH;
0;-6;4;EAST;NORTH;WEST;SOUTH;
0;-5;4;EAST;NORTH;WEST;SOUTH;
0;-4;4;EAST;NORTH;WEST;SOUTH;
0;-3;3;NORTH;WEST;SOUTH;
0;-2;3;NORTH;WEST;SOUTH;
0;-1;3;NORTH;WEST;SOUTH;
0;0;3;EAST;NORTH;SOUTH;
0;1;4;EAST;NORTH;WEST;SOUTH;
0;2;3;EAST;NORTH;WEST;
0;3;2;EAST;SOUTH;
0;4;3;EAST;WEST;SOUTH;
0;5;3;EAST;NORTH;SOUTH;
0;6;3;EAST;NORTH;SOUTH;
0;7;2;NORTH;SOUTH;
0;8;2;EAST;SOUTH;
0;10;3;EAST;NORTH;WEST;
0;11;4;EAST;NORTH;WEST;SOUTH;
0;12;4;EAST;NORTH;WEST;SOUTH;
0;13;4;EAST;NORTH;WEST;SOUTH;
0;14;4;EAST;NORTH;WEST;SOUTH;
0;15;2;WEST;SOUTH;
1;-28;2;EAST;NORTH;
1;-27;2;WEST;SOUTH;
1;-23;2;NORTH;WEST;
1;-22;2;NORTH;SOUTH;
1;-21;2;NORTH;SOUTH;
1;-20;2;NORTH;SOUTH;
1;-19;2;NORTH;SOUTH;
1;-18;2;EAST;SOUTH;
1;-14;3;EAST;NORTH;WEST;
1;-13;4;EAST;NORTH;WEST;SOUTH;
1;-12;3;EAST;WEST;SOUTH;
1;-10;3;EAST;NORTH;WEST;
1;-9;4;EAST;NORTH;WEST;SOUTH;
1;-8;4;EAST;NORTH;WEST;SOUTH;
1;-7;4;EAST;NORTH;WEST;SOUTH;
1;-6;3;NORTH;WEST;SOUTH;
1;-5;3;NORTH;WEST;SOUTH;
1;-4;3;EAST;WEST;SOUTH;
1;0;3;EAST;NORTH;WEST;
1;1;3;EAST;NORTH;SOUTH;
1;2;4;EAST;NORTH;WEST;SOUTH;
1;3;3;EAST;WEST;SOUTH;
1;4;3;EAST;WEST;SOUTH;
1;5;3;EAST;NORTH;SOUTH;
1;6;2;EAST;SOUTH;
1;7;4;EAST;NORTH;WEST;SOUTH;
1;8;2;NORTH;WEST;
1;9;3;EAST;NORTH;SOUTH;
1;10;3;EAST;NORTH;WEST;
1;11;4;EAST;NORTH;WEST;SOUTH;
1;12;4;EAST;NORTH;WEST;SOUTH;
1;13;4;EAST;NORTH;WEST;SOUTH;
1;14;3;EAST;WEST;SOUTH;
2;-28;2;EAST;WEST;
2;-23;3;EAST;NORTH;WEST;
2;-22;3;EAST;WEST;SOUTH;
2;-18;2;EAST;WEST;
2;-16;2;EAST;NORTH;
2;-15;3;EAST;NORTH;SOUTH;
2;-14;4;EAST;NORTH;WEST;SOUTH;
2;-13;4;EAST;NORTH;WEST;SOUTH;
2;-12;4;EAST;NORTH;WEST;SOUTH;
2;-11;3;EAST;NORTH;SOUTH;
2;-10;4;EAST;NORTH;WEST;SOUTH;
2;-9;3;NORTH;WEST;SOUTH;
2;-8;4;EAST;NORTH;WEST;SOUTH;
2;-7;3;EAST;WEST;SOUTH;
2;-6;4;EAST;NORTH;WEST;SOUTH;
2;-5;4;EAST;NORTH;WEST;SOUTH;
2;-4;2;EAST;WEST;
2;0;3;EAST;NORTH;WEST;
2;1;4;EAST;NORTH;WEST;SOUTH;
2;2;4;EAST;NORTH;WEST;SOUTH;
2;3;3;EAST;WEST;SOUTH;
2;4;3;NORTH;WEST;SOUTH;
2;5;2;WEST;SOUTH;
2;6;3;EAST;WEST;SOUTH;
2;7;4;EAST;NORTH;WEST;SOUTH;
2;8;4;EAST;NORTH;WEST;SOUTH;
2;9;4;EAST;NORTH;WEST;SOUTH;
2;10;3;EAST;NORTH;WEST;
2;11;4;EAST;NORTH;WEST;SOUTH;
2;12;4;EAST;NORTH;WEST;SOUTH;
2;13;4;EAST;NORTH;WEST;SOUTH;
2;14;3;EAST;WEST;SOUTH;
2;18;2;EAST;NORTH;
2;19;2;EAST;SOUTH;
3;-28;2;NORTH;WEST;
3;-27;2;EAST;SOUTH;
3;-23;3;EAST;NORTH;WEST;
3;-22;2;EAST;SOUTH;
3;-19;2;EAST;NORTH;
3;-18;2;NORTH;SOUTH;
3;-17;3;EAST;NORTH;SOUTH;
3;-16;4;EAST;NORTH;WEST;SOUTH;
3;-15;4;EAST;NORTH;WEST;SOUTH;
3;-14;4;EAST;NORTH;WEST;SOUTH;
3;-13;4;EAST;NORTH;WEST;SOUTH;
3;-12;4;EAST;NORTH;WEST;SOUTH;
3;-11;4;EAST;NORTH;WEST;SOUTH;
3;-10;2;WEST;SOUTH;
3;-8;2;NORTH;WEST;
3;-7;2;WEST;SOUTH;
3;-6;3;EAST;WEST;SOUTH;
3;-5;4;EAST;NORTH;WEST;SOUTH;
3;-4;3;EAST;NORTH;WEST;
3;-3;3;EAST;NORTH;SOUTH;
3;-2;2;EAST;SOUTH;
3;0;3;EAST;NORTH;WEST;
3;1;4;EAST;NORTH;WEST;SOUTH;
3;2;4;EAST;NORTH;WEST;SOUTH;
3;3;3;EAST;WEST;SOUTH;
3;4;4;EAST;NORTH;WEST;SOUTH;
3;5;4;EAST;NORTH;WEST;SOUTH;
3;6;3;NORTH;WEST;SOUTH;
3;7;2;EAST;NORTH;
3;8;3;EAST;NORTH;SOUTH;
3;9;3;EAST;NORTH;SOUTH;
3;10;4;EAST;NORTH;WEST;SOUTH;
3;11;4;EAST;NORTH;WEST;SOUTH;
3;12;4;EAST;NORTH;WEST;SOUTH;
3;13;4;EAST;NORTH;WEST;SOUTH;
3;14;4;EAST;NORTH;WEST;SOUTH;
3;15;3;EAST;NORTH;SOUTH;
3;16;3;EAST;NORTH;SOUTH;
3;17;3;EAST;NORTH;SOUTH;
3;18;4;EAST;NORTH;WEST;SOUTH;
3;19;3;EAST;WEST;SOUTH;
4;-33;2;EAST;NORTH;
4;-32;3;EAST;NORTH;SOUTH;
4;-31;2;EAST;NORTH;
4;-30;2;EAST;SOUTH;
4;-27;2;NORTH;WEST;
4;-26;2;NORTH;SOUTH;
4;-25;2;EAST;SOUTH;
4;-24;3;EAST;NORTH;SOUTH;
4;-23;2;EAST;SOUTH;
4;-22;3;EAST;WEST;SOUTH;
4;-19;2;EAST;WEST;
4;-18;4;EAST;NORTH;WEST;SOUTH;
4;-17;3;EAST;NORTH;WEST;
4;-16;4;EAST;NORTH;WEST;SOUTH;
4;-15;4;EAST;NORTH;WEST;SOUTH;
4;-14;4;EAST;NORTH;WEST;SOUTH;
4;-13;4;EAST;NORTH;WEST;SOUTH;
4;-12;4;EAST;NORTH;WEST;SOUTH;
4;-11;3;EAST;WEST;SOUTH;
4;-10;4;EAST;NORTH;WEST;SOUTH;
4;-9;3;EAST;NORTH;SOUTH;
4;-8;3;EAST;WEST;SOUTH;
4;-7;4;EAST;NORTH;WEST;SOUTH;
4;-6;3;EAST;WEST;SOUTH;
4;-5;4;EAST;NORTH;WEST;SOUTH;
4;-4;3;EAST;NORTH;WEST;
4;-3;4;EAST;NORTH;WEST;SOUTH;
4;-2;3;EAST;WEST;SOUTH;
4;0;3;EAST;NORTH;WEST;
4;1;4;EAST;NORTH;WEST;SOUTH;
4;2;4;EAST;NORTH;WEST;SOUTH;
4;3;4;EAST;NORTH;WEST;SOUTH;
4;4;3;EAST;NORTH;SOUTH;
4;5;2;EAST;SOUTH;
4;6;4;EAST;NORTH;WEST;SOUTH;
4;7;3;EAST;NORTH;WEST;
4;8;3;NORTH;WEST;SOUTH;
4;9;4;EAST;NORTH;WEST;SOUTH;
4;10;4;EAST;NORTH;WEST;SOUTH;
4;11;4;EAST;NORTH;WEST;SOUTH;
4;12;4;EAST;NORTH;WEST;SOUTH;
4;13;4;EAST;NORTH;WEST;SOUTH;
4;14;4;EAST;NORTH;WEST;SOUTH;
4;15;4;EAST;NORTH;WEST;SOUTH;
4;16;4;EAST;NORTH;WEST;SOUTH;
4;17;4;EAST;NORTH;WEST;SOUTH;
4;18;4;EAST;NORTH;WEST;SOUTH;
4;19;2;WEST;SOUTH;
5;-33;2;EAST;WEST;
5;-32;4;EAST;NORTH;WEST;SOUTH;
5;-31;2;EAST;WEST;
5;-30;4;EAST;NORTH;WEST;SOUTH;
5;-29;3;EAST;NORTH;SOUTH;
5;-28;2;NORTH;SOUTH;
5;-27;3;NORTH;WEST;SOUTH;
5;-26;4;EAST;NORTH;WEST;SOUTH;
5;-25;2;EAST;WEST;
5;-24;4;EAST;NORTH;WEST;SOUTH;
5;-23;3;EAST;NORTH;WEST;
5;-22;3;EAST;NORTH;SOUTH;
5;-21;2;EAST;NORTH;
5;-20;3;EAST;NORTH;SOUTH;
5;-19;2;NORTH;WEST;
5;-18;2;NORTH;SOUTH;
5;-17;3;NORTH;WEST;SOUTH;
5;-16;3;NORTH;WEST;SOUTH;
5;-15;3;NORTH;WEST;SOUTH;
5;-14;3;NORTH;WEST;SOUTH;
5;-13;3;NORTH;WEST;SOUTH;
5;-12;3;NORTH;WEST;SOUTH;
5;-11;2;WEST;SOUTH;
5;-10;4;EAST;NORTH;WEST;SOUTH;
5;-9;2;EAST;SOUTH;
5;-8;3;EAST;WEST;SOUTH;
5;-7;4;EAST;NORTH;WEST;SOUTH;
5;-6;3;EAST;NORTH;SOUTH;
5;-5;3;EAST;NORTH;SOUTH;
5;-4;2;NORTH;WEST;
5;-3;3;NORTH;WEST;SOUTH;
5;-2;3;EAST;WEST;SOUTH;
5;0;3;EAST;NORTH;WEST;
5;1;4;EAST;NORTH;WEST;SOUTH;
5;2;4;EAST;NORTH;WEST;SOUTH;
5;3;4;EAST;NORTH;WEST;SOUTH;
5;4;4;EAST;NORTH;WEST;SOUTH;
5;5;4;EAST;NORTH;WEST;SOUTH;
5;6;2;NORTH;SOUTH;
5;7;3;EAST;WEST;SOUTH;
5;8;4;EAST;NORTH;WEST;SOUTH;
5;9;3;EAST;NORTH;WEST;
5;10;4;EAST;NORTH;WEST;SOUTH;
5;11;4;EAST;NORTH;WEST;SOUTH;
5;12;4;EAST;NORTH;WEST;SOUTH;
5;13;4;EAST;NORTH;WEST;SOUTH;
5;14;4;EAST;NORTH;WEST;SOUTH;
5;15;4;EAST;NORTH;WEST;SOUTH;
5;16;4;EAST;NORTH;WEST;SOUTH;
5;17;4;EAST;NORTH;WEST;SOUTH;
5;18;3;EAST;WEST;SOUTH;
6;-33;3;EAST;NORTH;WEST;
6;-32;3;EAST;NORTH;SOUTH;
6;-31;2;NORTH;WEST;
6;-30;3;EAST;NORTH;SOUTH;
6;-29;2;EAST;SOUTH;
6;-28;4;EAST;NORTH;WEST;SOUTH;
6;-27;3;NORTH;WEST;SOUTH;
6;-26;4;EAST;NORTH;WEST;SOUTH;
6;-25;2;EAST;WEST;
6;-24;3;EAST;NORTH;SOUTH;
6;-23;2;EAST;SOUTH;
6;-22;4;EAST;NORTH;WEST;SOUTH;
6;-21;3;EAST;NORTH;WEST;
6;-20;3;EAST;NORTH;WEST;
6;-19;3;EAST;NORTH;WEST;
6;-18;3;EAST;WEST;SOUTH;
6;-17;4;EAST;NORTH;WEST;SOUTH;
6;-16;3;EAST;NORTH;WEST;
6;-15;4;EAST;NORTH;WEST;SOUTH;
6;-14;3;EAST;WEST;SOUTH;
6;-10;2;EAST;NORTH;
6;-9;3;EAST;WEST;SOUTH;
6;-8;3;NORTH;WEST;SOUTH;
6;-7;2;NORTH;SOUTH;
6;-6;2;EAST;SOUTH;
6;-5;3;EAST;WEST;SOUTH;
6;-2;2;NORTH;WEST;
6;-1;2;NORTH;SOUTH;
6;0;4;EAST;NORTH;WEST;SOUTH;
6;1;4;EAST;NORTH;WEST;SOUTH;
6;2;4;EAST;NORTH;WEST;SOUTH;
6;3;4;EAST;NORTH;WEST;SOUTH;
6;4;4;EAST;NORTH;WEST;SOUTH;
6;5;3;EAST;WEST;SOUTH;
6;6;4;EAST;NORTH;WEST;SOUTH;
6;7;3;EAST;NORTH;WEST;
6;8;3;EAST;NORTH;SOUTH;
6;9;4;EAST;NORTH;WEST;SOUTH;
6;10;4;EAST;NORTH;WEST;SOUTH;
6;11;3;NORTH;WEST;SOUTH;
6;12;3;NORTH;WEST;SOUTH;
6;13;3;NORTH;WEST;SOUTH;
6;14;4;EAST;NORTH;WEST;SOUTH;
6;15;4;EAST;NORTH;WEST;SOUTH;
6;16;4;EAST;NORTH;WEST;SOUTH;
6;17;4;EAST;NORTH;WEST;SOUTH;
6;18;4;EAST;NORTH;WEST;SOUTH;
6;19;3;EAST;NORTH;SOUTH;
6;20;3;EAST;NORTH;SOUTH;
6;21;3;EAST;NORTH;SOUTH;
6;22;2;NORTH;SOUTH;
6;23;2;EAST;SOUTH;
7;-35;2;EAST;NORTH;
7;-34;3;EAST;NORTH;SOUTH;
7;-33;3;EAST;NORTH;SOUTH;
7;-32;4;EAST;NORTH;WEST;SOUTH;
7;-31;3;EAST;NORTH;WEST;
7;-30;2;EAST;NORTH;
7;-29;2;WEST;SOUTH;
7;-28;3;NORTH;WEST;SOUTH;
7;-27;4;EAST;NORTH;WEST;SOUTH;
7;-26;2;EAST;NORTH;
7;-25;2;WEST;SOUTH;
7;-24;3;EAST;WEST;SOUTH;
7;-23;4;EAST;NORTH;WEST;SOUTH;
7;-22;4;EAST;NORTH;WEST;SOUTH;
7;-21;3;EAST;NORTH;WEST;
7;-20;3;EAST;NORTH;WEST;
7;-19;2;EAST;WEST;
7;-18;3;NORTH;WEST;SOUTH;
7;-17;3;NORTH;WEST;SOUTH;
7;-16;3;EAST;NORTH;WEST;
7;-15;2;EAST;SOUTH;
7;-14;3;NORTH;WEST;SOUTH;
7;-13;2;EAST;SOUTH;
7;-10;2;NORTH;WEST;
7;-9;2;EAST;SOUTH;
7;-8;4;EAST;NORTH;WEST;SOUTH;
7;-7;3;NORTH;WEST;SOUTH;
7;-6;2;EAST;WEST;
7;-5;3;EAST;WEST;SOUTH;
7;0;3;EAST;NORTH;WEST;
7;1;4;EAST;NORTH;WEST;SOUTH;
7;2;4;EAST;NORTH;WEST;SOUTH;
7;3;4;EAST;NORTH;WEST;SOUTH;
7;4;4;EAST;NORTH;WEST;SOUTH;
7;5;3;EAST;WEST;SOUTH;
7;6;4;EAST;NORTH;WEST;SOUTH;
7;7;3;EAST;NORTH;WEST;
7;8;4;EAST;NORTH;WEST;SOUTH;
7;9;4;EAST;NORTH;WEST;SOUTH;
7;10;2;WEST;SOUTH;
7;11;4;EAST;NORTH;WEST;SOUTH;
7;12;3;EAST;WEST;SOUTH;
7;14;3;EAST;NORTH;WEST;
7;15;4;EAST;NORTH;WEST;SOUTH;
7;16;4;EAST;NORTH;WEST;SOUTH;
7;17;4;EAST;NORTH;WEST;SOUTH;
7;18;4;EAST;NORTH;WEST;SOUTH;
7;19;4;EAST;NORTH;WEST;SOUTH;
7;20;4;EAST;NORTH;WEST;SOUTH;
7;21;3;EAST;WEST;SOUTH;
7;23;2;EAST;WEST;
8;-35;2;NORTH;WEST;
8;-34;2;NORTH;SOUTH;
8;-33;3;EAST;NORTH;SOUTH;
8;-32;2;EAST;NORTH;
8;-31;3;NORTH;WEST;SOUTH;
8;-30;2;EAST;WEST;
8;-29;4;EAST;NORTH;WEST;SOUTH;
8;-28;4;EAST;NORTH;WEST;SOUTH;
8;-27;2;EAST;NORTH;
8;-26;2;WEST;SOUTH;
8;-25;4;EAST;NORTH;WEST;SOUTH;
8;-24;4;EAST;NORTH;WEST;SOUTH;
8;-23;2;EAST;NORTH;
8;-22;3;EAST;NORTH;SOUTH;
8;-21;4;EAST;NORTH;WEST;SOUTH;
8;-20;3;EAST;NORTH;WEST;
8;-19;2;EAST;WEST;
8;-16;2;EAST;NORTH;
8;-15;2;WEST;SOUTH;
8;-13;2;EAST;WEST;
8;-9;2;EAST;WEST;
8;-8;3;EAST;WEST;SOUTH;
8;-7;4;EAST;NORTH;WEST;SOUTH;
8;-6;2;NORTH;WEST;
8;-5;3;EAST;WEST;SOUTH;
8;-1;2;EAST;NORTH;
8;0;4;EAST;NORTH;WEST;SOUTH;
8;1;4;EAST;NORTH;WEST;SOUTH;
8;2;3;NORTH;WEST;SOUTH;
8;3;4;EAST;NORTH;WEST;SOUTH;
8;4;4;EAST;NORTH;WEST;SOUTH;
8;5;3;EAST;WEST;SOUTH;
8;6;4;EAST;NORTH;WEST;SOUTH;
8;7;3;EAST;NORTH;WEST;
8;8;4;EAST;NORTH;WEST;SOUTH;
8;9;3;EAST;WEST;SOUTH;
8;10;4;EAST;NORTH;WEST;SOUTH;
8;11;2;NORTH;SOUTH;
8;12;4;EAST;NORTH;WEST;SOUTH;
8;13;2;EAST;NORTH;
8;14;3;NORTH;WEST;SOUTH;
8;15;4;EAST;NORTH;WEST;SOUTH;
8;16;4;EAST;NORTH;WEST;SOUTH;
8;17;4;EAST;NORTH;WEST;SOUTH;
8;18;4;EAST;NORTH;WEST;SOUTH;
8;19;4;EAST;NORTH;WEST;SOUTH;
8;20;4;EAST;NORTH;WEST;SOUTH;
8;21;4;EAST;NORTH;WEST;SOUTH;
8;22;3;EAST;NORTH;SOUTH;
8;23;3;EAST;WEST;SOUTH;
9;-35;3;EAST;NORTH;WEST;
9;-34;3;NORTH;WEST;SOUTH;
9;-33;3;EAST;NORTH;WEST;
9;-32;2;EAST;WEST;
9;-31;4;EAST;NORTH;WEST;SOUTH;
9;-30;2;NORTH;WEST;
9;-29;2;NORTH;SOUTH;
9;-28;2;NORTH;SOUTH;
9;-27;2;WEST;SOUTH;
9;-25;2;NORTH;WEST;
9;-24;2;NORTH;SOUTH;
9;-23;3;NORTH;WEST;SOUTH;
9;-22;2;EAST;NORTH;
9;-21;3;EAST;NORTH;SOUTH;
9;-20;3;NORTH;WEST;SOUTH;
9;-19;2;EAST;WEST;
9;-16;2;EAST;WEST;
9;-15;4;EAST;NORTH;WEST;SOUTH;
9;-14;2;NORTH;SOUTH;
9;-13;2;WEST;SOUTH;
9;-9;2;EAST;WEST;
9;-8;3;NORTH;WEST;SOUTH;
9;-7;2;WEST;SOUTH;
9;-6;4;EAST;NORTH;WEST;SOUTH;
9;-5;2;EAST;NORTH;
9;-4;3;EAST;NORTH;SOUTH;
9;-3;3;EAST;NORTH;SOUTH;
9;-2;3;EAST;NORTH;SOUTH;
9;-1;4;EAST;NORTH;WEST;SOUTH;
9;0;4;EAST;NORTH;WEST;SOUTH;
9;1;3;EAST;WEST;SOUTH;
9;3;2;NORTH;WEST;
9;4;4;EAST;NORTH;WEST;SOUTH;
9;5;3;EAST;WEST;SOUTH;
9;6;4;EAST;NORTH;WEST;SOUTH;
9;7;3;EAST;NORTH;WEST;
9;8;4;EAST;NORTH;WEST;SOUTH;
9;9;4;EAST;NORTH;WEST;SOUTH;
9;10;2;EAST;SOUTH;
9;11;4;EAST;NORTH;WEST;SOUTH;
9;12;2;EAST;NORTH;
9;13;3;EAST;WEST;SOUTH;
9;15;3;EAST;NORTH;WEST;
9;16;4;EAST;NORTH;WEST;SOUTH;
9;17;4;EAST;NORTH;WEST;SOUTH;
9;18;4;EAST;NORTH;WEST;SOUTH;
9;19;4;EAST;NORTH;WEST;SOUTH;
9;20;4;EAST;NORTH;WEST;SOUTH;
9;21;4;EAST;NORTH;WEST;SOUTH;
9;22;4;EAST;NORTH;WEST;SOUTH;
9;23;4;EAST;NORTH;WEST;SOUTH;
9;24;2;EAST;SOUTH;
10;-35;2;NORTH;WEST;
10;-34;4;EAST;NORTH;WEST;SOUTH;
10;-33;2;NORTH;WEST;
10;-32;2;WEST;SOUTH;
10;-31;4;EAST;NORTH;WEST;SOUTH;
10;-30;3;EAST;NORTH;WEST;
10;-29;3;EAST;WEST;SOUTH;
10;-28;3;EAST;WEST;SOUTH;
10;-22;2;NORTH;WEST;
10;-21;2;EAST;SOUTH;
10;-19;3;EAST;NORTH;WEST;
10;-18;2;EAST;SOUTH;
10;-16;2;EAST;WEST;
10;-15;3;EAST;WEST;SOUTH;
10;-14;4;EAST;NORTH;WEST;SOUTH;
10;-13;3;EAST;NORTH;WEST;
10;-12;2;NORTH;SOUTH;
10;-11;2;NORTH;SOUTH;
10;-10;2;NORTH;SOUTH;
10;-9;2;WEST;SOUTH;
10;-8;4;EAST;NORTH;WEST;SOUTH;
10;-7;3;NORTH;WEST;SOUTH;
10;-6;4;EAST;NORTH;WEST;SOUTH;
10;-5;3;EAST;NORTH;WEST;
10;-4;4;EAST;NORTH;WEST;SOUTH;
10;-3;4;EAST;NORTH;WEST;SOUTH;
10;-2;4;EAST;NORTH;WEST;SOUTH;
10;-1;4;EAST;NORTH;WEST;SOUTH;
10;0;4;EAST;NORTH;WEST;SOUTH;
10;1;3;EAST;WEST;SOUTH;
10;3;3;EAST;NORTH;WEST;
10;4;3;EAST;NORTH;WEST;
10;5;4;EAST;NORTH;WEST;SOUTH;
10;6;3;EAST;NORTH;SOUTH;
10;7;4;EAST;NORTH;WEST;SOUTH;
10;8;4;EAST;NORTH;WEST;SOUTH;
10;9;4;EAST;NORTH;WEST;SOUTH;
10;10;3;NORTH;WEST;SOUTH;
10;11;3;EAST;NORTH;SOUTH;
10;12;4;EAST;NORTH;WEST;SOUTH;
10;13;4;EAST;NORTH;WEST;SOUTH;
10;14;3;EAST;NORTH;SOUTH;
10;15;4;EAST;NORTH;WEST;SOUTH;
10;16;4;EAST;NORTH;WEST;SOUTH;
10;17;3;NORTH;WEST;SOUTH;
10;18;4;EAST;NORTH;WEST;SOUTH;
10;19;3;NORTH;WEST;SOUTH;
10;20;4;EAST;NORTH;WEST;SOUTH;
10;21;4;EAST;NORTH;WEST;SOUTH;
10;22;4;EAST;NORTH;WEST;SOUTH;
10;23;4;EAST;NORTH;WEST;SOUTH;
10;24;3;EAST;WEST;SOUTH;
11;-34;2;NORTH;WEST;
11;-33;3;EAST;WEST;SOUTH;
11;-32;4;EAST;NORTH;WEST;SOUTH;
11;-31;2;NORTH;SOUTH;
11;-30;2;WEST;SOUTH;
11;-29;3;EAST;WEST;SOUTH;
11;-28;3;NORTH;WEST;SOUTH;
11;-27;2;NORTH;SOUTH;
11;-26;2;NORTH;SOUTH;
11;-25;2;NORTH;SOUTH;
11;-24;2;EAST;SOUTH;
11;-21;2;NORTH;WEST;
11;-20;3;EAST;NORTH;SOUTH;
11;-19;2;EAST;NORTH;
11;-18;2;NORTH;SOUTH;
11;-17;3;EAST;NORTH;SOUTH;
11;-16;2;EAST;WEST;
11;-15;3;EAST;WEST;SOUTH;
11;-14;4;EAST;NORTH;WEST;SOUTH;
11;-13;2;EAST;WEST;
11;-10;3;EAST;NORTH;WEST;
11;-9;4;EAST;NORTH;WEST;SOUTH;
11;-8;2;NORTH;WEST;
11;-7;4;EAST;NORTH;WEST;SOUTH;
11;-6;2;EAST;NORTH;
11;-5;4;EAST;NORTH;WEST;SOUTH;
11;-4;4;EAST;NORTH;WEST;SOUTH;
11;-3;4;EAST;NORTH;WEST;SOUTH;
11;-2;4;EAST;NORTH;WEST;SOUTH;
11;-1;4;EAST;NORTH;WEST;SOUTH;
11;0;3;NORTH;WEST;SOUTH;
11;1;3;NORTH;WEST;SOUTH;
11;2;2;EAST;SOUTH;
11;3;4;EAST;NORTH;WEST;SOUTH;
11;4;3;EAST;NORTH;WEST;
11;5;4;EAST;NORTH;WEST;SOUTH;
11;6;4;EAST;NORTH;WEST;SOUTH;
11;7;4;EAST;NORTH;WEST;SOUTH;
11;8;4;EAST;NORTH;WEST;SOUTH;
11;9;3;EAST;WEST;SOUTH;
11;10;4;EAST;NORTH;WEST;SOUTH;
11;11;3;EAST;NORTH;WEST;
11;12;4;EAST;NORTH;WEST;SOUTH;
11;13;4;EAST;NORTH;WEST;SOUTH;
11;14;4;EAST;NORTH;WEST;SOUTH;
11;15;4;EAST;NORTH;WEST;SOUTH;
11;16;3;EAST;WEST;SOUTH;
11;18;2;EAST;WEST;
11;20;3;EAST;NORTH;WEST;
11;21;4;EAST;NORTH;WEST;SOUTH;
11;22;3;NORTH;WEST;SOUTH;
11;23;3;NORTH;WEST;SOUTH;
11;24;2;WEST;SOUTH;
12;-33;2;NORTH;WEST;
12;-32;2;WEST;SOUTH;
12;-31;4;EAST;NORTH;WEST;SOUTH;
12;-30;3;EAST;NORTH;WEST;
12;-29;2;WEST;SOUTH;
12;-28;4;EAST;NORTH;WEST;SOUTH;
12;-27;3;EAST;WEST;SOUTH;
12;-25;3;EAST;NORTH;WEST;
12;-24;2;WEST;SOUTH;
12;-20;3;EAST;NORTH;WEST;
12;-19;2;NORTH;WEST;
12;-18;4;EAST;NORTH;WEST;SOUTH;
12;-17;3;EAST;NORTH;WEST;
12;-16;2;EAST;WEST;
12;-15;3;NORTH;WEST;SOUTH;
12;-14;2;NORTH;SOUTH;
12;-13;2;WEST;SOUTH;
12;-10;3;EAST;NORTH;WEST;
12;-9;2;NORTH;WEST;
12;-8;3;NORTH;WEST;SOUTH;
12;-7;2;EAST;NORTH;
12;-6;4;EAST;NORTH;WEST;SOUTH;
12;-5;4;EAST;NORTH;WEST;SOUTH;
12;-4;4;EAST;NORTH;WEST;SOUTH;
12;-3;4;EAST;NORTH;WEST;SOUTH;
12;-2;4;EAST;NORTH;WEST;SOUTH;
12;-1;2;WEST;SOUTH;
12;2;3;EAST;NORTH;WEST;
12;3;3;EAST;NORTH;SOUTH;
12;4;4;EAST;NORTH;WEST;SOUTH;
12;5;4;EAST;NORTH;WEST;SOUTH;
12;6;4;EAST;NORTH;WEST;SOUTH;
12;7;4;EAST;NORTH;WEST;SOUTH;
12;8;4;EAST;NORTH;WEST;SOUTH;
12;9;4;EAST;NORTH;WEST;SOUTH;
12;10;3;EAST;NORTH;SOUTH;
12;11;4;EAST;NORTH;WEST;SOUTH;
12;12;4;EAST;NORTH;WEST;SOUTH;
12;13;4;EAST;NORTH;WEST;SOUTH;
12;14;4;EAST;NORTH;WEST;SOUTH;
12;15;4;EAST;NORTH;WEST;SOUTH;
12;16;3;EAST;WEST;SOUTH;
12;18;2;EAST;WEST;
12;20;3;EAST;NORTH;WEST;
12;21;3;EAST;WEST;SOUTH;
13;-31;2;NORTH;WEST;
13;-30;2;WEST;SOUTH;
13;-28;3;EAST;NORTH;WEST;
13;-27;2;NORTH;WEST;
13;-26;3;EAST;NORTH;SOUTH;
13;-25;2;EAST;WEST;
13;-20;2;EAST;WEST;
13;-18;2;EAST;NORTH;
13;-17;3;EAST;NORTH;SOUTH;
13;-16;3;EAST;WEST;SOUTH;
13;-15;4;EAST;NORTH;WEST;SOUTH;
13;-14;3;EAST;WEST;SOUTH;
13;-10;2;EAST;WEST;
13;-7;3;EAST;NORTH;WEST;
13;-6;4;EAST;NORTH;WEST;SOUTH;
13;-5;4;EAST;NORTH;WEST;SOUTH;
13;-4;4;EAST;NORTH;WEST;SOUTH;
13;-3;4;EAST;NORTH;WEST;SOUTH;
13;-2;2;WEST;SOUTH;
13;2;3;EAST;NORTH;WEST;
13;3;4;EAST;NORTH;WEST;SOUTH;
13;4;4;EAST;NORTH;WEST;SOUTH;
13;5;4;EAST;NORTH;WEST;SOUTH;
13;6;4;EAST;NORTH;WEST;SOUTH;
13;7;4;EAST;NORTH;WEST;SOUTH;
13;8;4;EAST;NORTH;WEST;SOUTH;
13;9;4;EAST;NORTH;WEST;SOUTH;
13;10;4;EAST;NORTH;WEST;SOUTH;
13;11;4;EAST;NORTH;WEST;SOUTH;
13;12;4;EAST;NORTH;WEST;SOUTH;
13;13;4;EAST;NORTH;WEST;SOUTH;
13;14;4;EAST;NORTH;WEST;SOUTH;
13;15;4;EAST;NORTH;WEST;SOUTH;
13;16;4;EAST;NORTH;WEST;SOUTH;
13;17;3;EAST;NORTH;SOUTH;
13;18;3;EAST;WEST;SOUTH;
13;20;3;EAST;NORTH;WEST;
13;21;2;WEST;SOUTH;
14;-28;2;EAST;WEST;
14;-26;2;NORTH;WEST;
14;-25;2;WEST;SOUTH;
14;-22;2;EAST;NORTH;
14;-21;2;EAST;SOUTH;
14;-20;3;EAST;WEST;SOUTH;
14;-18;2;NORTH;WEST;
14;-17;3;EAST;NORTH;SOUTH;
14;-16;2;EAST;NORTH;
14;-15;2;EAST;SOUTH;
14;-14;3;EAST;WEST;SOUTH;
14;-10;2;EAST;WEST;
14;-7;2;NORTH;WEST;
14;-6;3;NORTH;WEST;SOUTH;
14;-5;4;EAST;NORTH;WEST;SOUTH;
14;-4;4;EAST;NORTH;WEST;SOUTH;
14;-3;3;EAST;WEST;SOUTH;
14;2;2;NORTH;WEST;
14;3;3;NORTH;WEST;SOUTH;
14;4;4;EAST;NORTH;WEST;SOUTH;
14;5;4;EAST;NORTH;WEST;SOUTH;
14;6;4;EAST;NORTH;WEST;SOUTH;
14;7;4;EAST;NORTH;WEST;SOUTH;
14;8;4;EAST;NORTH;WEST;SOUTH;
14;9;4;EAST;NORTH;WEST;SOUTH;
14;10;4;EAST;NORTH;WEST;SOUTH;
14;11;4;EAST;NORTH;WEST;SOUTH;
14;12;4;EAST;NORTH;WEST;SOUTH;
14;13;4;EAST;NORTH;WEST;SOUTH;
14;14;4;EAST;NORTH;WEST;SOUTH;
14;15;4;EAST;NORTH;WEST;SOUTH;
14;16;4;EAST;NORTH;WEST;SOUTH;
14;17;4;EAST;NORTH;WEST;SOUTH;
14;18;4;EAST;NORTH;WEST;SOUTH;
14;19;3;EAST;NORTH;SOUTH;
14;20;3;EAST;WEST;SOUTH;
15;-28;2;EAST;WEST;
15;-27;3;EAST;NORTH;SOUTH;
15;-26;3;NORTH;WEST;SOUTH;
15;-25;3;NORTH;WEST;SOUTH;
15;-24;2;NORTH;SOUTH;
15;-23;2;EAST;SOUTH;
15;-22;3;EAST;WEST;SOUTH;
15;-21;3;NORTH;WEST;SOUTH;
15;-20;2;WEST;SOUTH;
15;-17;2;NORTH;WEST;
15;-16;4;EAST;NORTH;WEST;SOUTH;
15;-15;2;EAST;WEST;
15;-14;4;EAST;NORTH;WEST;SOUTH;
15;-13;3;EAST;NORTH;SOUTH;
15;-12;2;NORTH;SOUTH;
15;-11;2;NORTH;SOUTH;
15;-10;2;WEST;SOUTH;
15;-5;3;EAST;NORTH;WEST;
15;-4;4;EAST;NORTH;WEST;SOUTH;
15;-3;4;EAST;NORTH;WEST;SOUTH;
15;-2;2;EAST;SOUTH;
15;4;3;EAST;NORTH;WEST;
15;5;4;EAST;NORTH;WEST;SOUTH;
15;6;4;EAST;NORTH;WEST;SOUTH;
15;7;4;EAST;NORTH;WEST;SOUTH;
15;8;4;EAST;NORTH;WEST;SOUTH;
15;9;4;EAST;NORTH;WEST;SOUTH;
15;10;4;EAST;NORTH;WEST;SOUTH;
15;11;4;EAST;NORTH;WEST;SOUTH;
15;12;4;EAST;NORTH;WEST;SOUTH;
15;13;4;EAST;NORTH;WEST;SOUTH;
15;14;4;EAST;NORTH;WEST;SOUTH;
15;15;4;EAST;NORTH;WEST;SOUTH;
15;16;4;EAST;NORTH;WEST;SOUTH;
15;17;4;EAST;NORTH;WEST;SOUTH;
15;18;4;EAST;NORTH;WEST;SOUTH;
15;19;4;EAST;NORTH;WEST;SOUTH;
15;20;4;EAST;NORTH;WEST;SOUTH;
15;21;2;EAST;SOUTH;
16;-28;2;NORTH;WEST;
16;-27;2;WEST;SOUTH;
16;-23;2;NORTH;WEST;
16;-22;2;WEST;SOUTH;
16;-16;2;EAST;NORTH;
16;-15;4;EAST;NORTH;WEST;SOUTH;
16;-14;2;EAST;NORTH;
16;-13;2;EAST;SOUTH;
16;-6;2;EAST;NORTH;
16;-5;4;EAST;NORTH;WEST;SOUTH;
16;-4;4;EAST;NORTH;WEST;SOUTH;
16;-3;4;EAST;NORTH;WEST;SOUTH;
16;-2;3;EAST;WEST;SOUTH;
16;4;3;EAST;NORTH;WEST;
16;5;4;EAST;NORTH;WEST;SOUTH;
16;6;4;EAST;NORTH;WEST;SOUTH;
16;7;4;EAST;NORTH;WEST;SOUTH;
16;8;4;EAST;NORTH;WEST;SOUTH;
16;9;4;EAST;NORTH;WEST;SOUTH;
16;10;4;EAST;NORTH;WEST;SOUTH;
16;11;4;EAST;NORTH;WEST;SOUTH;
16;12;4;EAST;NORTH;WEST;SOUTH;
16;13;4;EAST;NORTH;WEST;SOUTH;
16;14;4;EAST;NORTH;WEST;SOUTH;
16;15;4;EAST;NORTH;WEST;SOUTH;
16;16;4;EAST;NORTH;WEST;SOUTH;
16;17;4;EAST;NORTH;WEST;SOUTH;
16;18;4;EAST;NORTH;WEST;SOUTH;
16;19;4;EAST;NORTH;WEST;SOUTH;
16;20;4;EAST;NORTH;WEST;SOUTH;
16;21;4;EAST;NORTH;WEST;SOUTH;
16;22;2;EAST;SOUTH;
17;-16;3;EAST;NORTH;WEST;
17;-15;3;EAST;NORTH;SOUTH;
17;-14;3;EAST;NORTH;WEST;
17;-13;3;EAST;NORTH;WEST;
17;-12;2;EAST;NORTH;
17;-11;3;EAST;NORTH;SOUTH;
17;-10;2;EAST;NORTH;
17;-9;2;EAST;SOUTH;
17;-6;3;EAST;NORTH;WEST;
17;-5;4;EAST;NORTH;WEST;SOUTH;
17;-4;4;EAST;NORTH;WEST;SOUTH;
17;-3;4;EAST;NORTH;WEST;SOUTH;
17;-2;4;EAST;NORTH;WEST;SOUTH;
17;-1;2;EAST;SOUTH;
17;3;2;EAST;NORTH;
17;4;4;EAST;NORTH;WEST;SOUTH;
17;5;4;EAST;NORTH;WEST;SOUTH;
17;6;4;EAST;NORTH;WEST;SOUTH;
17;7;4;EAST;NORTH;WEST;SOUTH;
17;8;4;EAST;NORTH;WEST;SOUTH;
17;9;4;EAST;NORTH;WEST;SOUTH;
17;10;4;EAST;NORTH;WEST;SOUTH;
17;11;4;EAST;NORTH;WEST;SOUTH;
17;12;4;EAST;NORTH;WEST;SOUTH;
17;13;4;EAST;NORTH;WEST;SOUTH;
17;14;4;EAST;NORTH;WEST;SOUTH;
17;15;3;NORTH;WEST;SOUTH;
17;16;4;EAST;NORTH;WEST;SOUTH;
17;17;4;EAST;NORTH;WEST;SOUTH;
17;18;4;EAST;NORTH;WEST;SOUTH;
17;19;4;EAST;NORTH;WEST;SOUTH;
17;20;4;EAST;NORTH;WEST;SOUTH;
17;21;4;EAST;NORTH;WEST;SOUTH;
17;22;2;WEST;SOUTH;
18;-16;2;EAST;NORTH;
18;-15;2;EAST;SOUTH;
18;-14;4;EAST;NORTH;WEST;SOUTH;
18;-13;3;EAST;NORTH;WEST;
18;-12;3;EAST;NORTH;WEST;
18;-11;2;NORTH;WEST;
18;-10;4;EAST;NORTH;WEST;SOUTH;
18;-9;3;EAST;NORTH;WEST;
18;-8;2;EAST;NORTH;
18;-7;3;EAST;NORTH;SOUTH;
18;-6;4;EAST;NORTH;WEST;SOUTH;
18;-5;4;EAST;NORTH;WEST;SOUTH;
18;-4;4;EAST;NORTH;WEST;SOUTH;
18;-3;3;NORTH;WEST;SOUTH;
18;-2;3;NORTH;WEST;SOUTH;
18;-1;3;EAST;WEST;SOUTH;
18;3;3;EAST;NORTH;WEST;
18;4;4;EAST;NORTH;WEST;SOUTH;
18;5;4;EAST;NORTH;WEST;SOUTH;
18;6;4;EAST;NORTH;WEST;SOUTH;
18;7;4;EAST;NORTH;WEST;SOUTH;
18;8;4;EAST;NORTH;WEST;SOUTH;
18;9;4;EAST;NORTH;WEST;SOUTH;
18;10;4;EAST;NORTH;WEST;SOUTH;
18;11;4;EAST;NORTH;WEST;SOUTH;
18;12;4;EAST;NORTH;WEST;SOUTH;
18;13;4;EAST;NORTH;WEST;SOUTH;
18;14;3;EAST;WEST;SOUTH;
18;16;3;EAST;NORTH;WEST;
18;17;4;EAST;NORTH;WEST;SOUTH;
18;18;4;EAST;NORTH;WEST;SOUTH;
18;19;4;EAST;NORTH;WEST;SOUTH;
18;20;4;EAST;NORTH;WEST;SOUTH;
18;21;3;EAST;WEST;SOUTH;
19;-16;2;EAST;WEST;
19;-15;3;EAST;WEST;SOUTH;
19;-14;3;EAST;NORTH;SOUTH;
19;-13;4;EAST;NORTH;WEST;SOUTH;
19;-12;2;NORTH;WEST;
19;-11;4;EAST;NORTH;WEST;SOUTH;
19;-10;2;EAST;NORTH;
19;-9;4;EAST;NORTH;WEST;SOUTH;
19;-8;2;NORTH;WEST;
19;-7;3;NORTH;WEST;SOUTH;
19;-6;3;NORTH;WEST;SOUTH;
19;-5;3;NORTH;WEST;SOUTH;
19;-4;2;WEST;SOUTH;
19;-1;2;EAST;WEST;
19;2;2;EAST;NORTH;
19;3;4;EAST;NORTH;WEST;SOUTH;
19;4;4;EAST;NORTH;WEST;SOUTH;
19;5;4;EAST;NORTH;WEST;SOUTH;
19;6;4;EAST;NORTH;WEST;SOUTH;
19;7;4;EAST;NORTH;WEST;SOUTH;
19;8;4;EAST;NORTH;WEST;SOUTH;
19;9;4;EAST;NORTH;WEST;SOUTH;
19;10;4;EAST;NORTH;WEST;SOUTH;
19;11;4;EAST;NORTH;WEST;SOUTH;
19;12;4;EAST;NORTH;WEST;SOUTH;
19;13;4;EAST;NORTH;WEST;SOUTH;
19;14;4;EAST;NORTH;WEST;SOUTH;
19;15;3;EAST;NORTH;SOUTH;
19;16;4;EAST;NORTH;WEST;SOUTH;
19;17;4;EAST;NORTH;WEST;SOUTH;
19;18;4;EAST;NORTH;WEST;SOUTH;
19;19;4;EAST;NORTH;WEST;SOUTH;
19;20;4;EAST;NORTH;WEST;SOUTH;
19;21;3;EAST;WEST;SOUTH;
20;-16;2;EAST;WEST;
20;-15;4;EAST;NORTH;WEST;SOUTH;
20;-14;2;EAST;NORTH;
20;-13;2;NORTH;SOUTH;
20;-12;3;NORTH;WEST;SOUTH;
20;-11;3;NORTH;WEST;SOUTH;
20;-10;2;NORTH;WEST;
20;-9;2;NORTH;SOUTH;
20;-8;3;EAST;NORTH;WEST;
20;-7;4;EAST;NORTH;WEST;SOUTH;
20;-6;3;EAST;NORTH;WEST;
20;-5;3;NORTH;WEST;SOUTH;
20;-4;3;NORTH;WEST;SOUTH;
20;-3;2;EAST;SOUTH;
20;-1;2;NORTH;WEST;
20;0;2;NORTH;SOUTH;
20;1;2;NORTH;SOUTH;
20;2;3;NORTH;WEST;SOUTH;
20;3;4;EAST;NORTH;WEST;SOUTH;
20;4;4;EAST;NORTH;WEST;SOUTH;
20;5;4;EAST;NORTH;WEST;SOUTH;
20;6;3;NORTH;WEST;SOUTH;
20;7;3;NORTH;WEST;SOUTH;
20;8;4;EAST;NORTH;WEST;SOUTH;
20;9;4;EAST;NORTH;WEST;SOUTH;
20;10;3;NORTH;WEST;SOUTH;
20;11;4;EAST;NORTH;WEST;SOUTH;
20;12;4;EAST;NORTH;WEST;SOUTH;
20;13;4;EAST;NORTH;WEST;SOUTH;
20;14;4;EAST;NORTH;WEST;SOUTH;
20;15;4;EAST;NORTH;WEST;SOUTH;
20;16;4;EAST;NORTH;WEST;SOUTH;
20;17;4;EAST;NORTH;WEST;SOUTH;
20;18;4;EAST;NORTH;WEST;SOUTH;
20;19;3;NORTH;WEST;SOUTH;
20;20;4;EAST;NORTH;WEST;SOUTH;
20;21;3;EAST;WEST;SOUTH;
21;-16;2;NORTH;WEST;
21;-15;2;NORTH;SOUTH;
21;-14;2;WEST;SOUTH;
21;-8;2;NORTH;WEST;
21;-7;2;NORTH;SOUTH;
21;-6;2;WEST;SOUTH;
21;-3;2;EAST;WEST;
21;3;2;NORTH;WEST;
21;4;3;NORTH;WEST;SOUTH;
21;5;2;WEST;SOUTH;
21;6;4;EAST;NORTH;WEST;SOUTH;
21;7;4;EAST;NORTH;WEST;SOUTH;
21;8;2;NORTH;WEST;
21;9;3;EAST;WEST;SOUTH;
21;10;4;EAST;NORTH;WEST;SOUTH;
21;11;3;EAST;NORTH;WEST;
21;12;4;EAST;NORTH;WEST;SOUTH;
21;13;4;EAST;NORTH;WEST;SOUTH;
21;14;4;EAST;NORTH;WEST;SOUTH;
21;15;3;NORTH;WEST;SOUTH;
21;16;4;EAST;NORTH;WEST;SOUTH;
21;17;4;EAST;NORTH;WEST;SOUTH;
21;18;3;EAST;WEST;SOUTH;
21;20;3;EAST;NORTH;WEST;
21;21;4;EAST;NORTH;WEST;SOUTH;
21;22;2;EAST;SOUTH;
22;-3;2;NORTH;WEST;
22;-2;2;EAST;SOUTH;
22;6;2;NORTH;WEST;
22;7;2;NORTH;SOUTH;
22;8;4;EAST;NORTH;WEST;SOUTH;
22;9;2;NORTH;WEST;
22;10;2;NORTH;SOUTH;
22;11;3;NORTH;WEST;SOUTH;
22;12;3;NORTH;WEST;SOUTH;
22;13;3;NORTH;WEST;SOUTH;
22;14;3;EAST;WEST;SOUTH;
22;16;3;EAST;NORTH;WEST;
22;17;4;EAST;NORTH;WEST;SOUTH;
22;18;3;EAST;WEST;SOUTH;
22;20;3;EAST;NORTH;WEST;
22;21;4;EAST;NORTH;WEST;SOUTH;
22;22;3;NORTH;WEST;SOUTH;
22;23;2;EAST;SOUTH;
23;-2;3;EAST;NORTH;WEST;
23;-1;2;EAST;SOUTH;
23;4;2;EAST;NORTH;
23;5;2;NORTH;SOUTH;
23;6;4;EAST;NORTH;WEST;SOUTH;
23;7;3;EAST;NORTH;WEST;
23;8;2;NORTH;WEST;
23;9;4;EAST;NORTH;WEST;SOUTH;
23;10;2;NORTH;WEST;
23;11;3;EAST;WEST;SOUTH;
23;14;2;NORTH;WEST;
23;15;3;EAST;NORTH;SOUTH;
23;16;4;EAST;NORTH;WEST;SOUTH;
23;17;4;EAST;NORTH;WEST;SOUTH;
23;18;3;EAST;WEST;SOUTH;
23;20;3;EAST;NORTH;WEST;
23;21;3;EAST;WEST;SOUTH;
23;23;2;EAST;WEST;
24;-2;2;EAST;NORTH;
24;-1;3;EAST;WEST;SOUTH;
24;4;2;NORTH;WEST;
24;5;4;EAST;NORTH;WEST;SOUTH;
24;6;3;EAST;NORTH;WEST;
24;7;2;EAST;WEST;
24;9;2;NORTH;WEST;
24;10;3;NORTH;WEST;SOUTH;
24;11;2;WEST;SOUTH;
24;15;3;EAST;NORTH;WEST;
24;16;4;EAST;NORTH;WEST;SOUTH;
24;17;3;NORTH;WEST;SOUTH;
24;18;4;EAST;NORTH;WEST;SOUTH;
24;19;3;EAST;NORTH;SOUTH;
24;20;3;NORTH;WEST;SOUTH;
24;21;3;EAST;WEST;SOUTH;
24;23;2;EAST;WEST;
25;-2;2;NORTH;WEST;
25;-1;2;NORTH;SOUTH;
25;0;2;NORTH;SOUTH;
25;1;2;EAST;SOUTH;
25;4;3;EAST;NORTH;WEST;
25;5;4;EAST;NORTH;WEST;SOUTH;
25;6;3;EAST;NORTH;WEST;
25;7;2;NORTH;WEST;
25;8;2;NORTH;SOUTH;
25;9;3;NORTH;WEST;SOUTH;
25;10;3;EAST;WEST;SOUTH;
25;15;2;NORTH;WEST;
25;16;2;WEST;SOUTH;
25;18;3;EAST;NORTH;WEST;
25;19;2;WEST;SOUTH;
25;21;2;NORTH;WEST;
25;22;2;NORTH;SOUTH;
25;23;2;WEST;SOUTH;
26;1;2;NORTH;WEST;
26;2;2;NORTH;SOUTH;
26;3;2;NORTH;SOUTH;
26;4;3;NORTH;WEST;SOUTH;
26;5;2;EAST;NORTH;
26;6;4;EAST;NORTH;WEST;SOUTH;
26;7;3;EAST;NORTH;WEST;
26;8;3;NORTH;WEST;SOUTH;
26;9;3;NORTH;WEST;SOUTH;
26;10;2;WEST;SOUTH;
26;18;2;EAST;WEST;
27;5;2;NORTH;WEST;
27;6;2;NORTH;SOUTH;
27;7;2;WEST;SOUTH;
27;18;3;EAST;NORTH;WEST;
27;19;3;EAST;NORTH;SOUTH;
27;20;3;EAST;NORTH;SOUTH;
27;21;2;EAST;SOUTH;
28;18;3;EAST;NORTH;WEST;
28;19;4;EAST;NORTH;WEST;SOUTH;
28;20;4;EAST;NORTH;WEST;SOUTH;
28;21;4;EAST;NORTH;WEST;SOUTH;
28;22;2;EAST;SOUTH;
28;28;2;EAST;NORTH;
28;29;2;NORTH;SOUTH;
28;30;2;NORTH;SOUTH;
28;31;1;SOUTH;
29;18;3;EAST;NORTH;WEST;
29;19;4;EAST;NORTH;WEST;SOUTH;
29;20;4;EAST;NORTH;WEST;SOUTH;
29;21;4;EAST;NORTH;WEST;SOUTH;
29;22;4;EAST;NORTH;WEST;SOUTH;
29;23;2;NORTH;SOUTH;
29;24;2;EAST;SOUTH;
29;28;2;EAST;WEST;
30;18;2;NORTH;WEST;
30;19;3;NORTH;WEST;SOUTH;
30;20;4;EAST;NORTH;WEST;SOUTH;
30;21;4;EAST;NORTH;WEST;SOUTH;
30;22;3;EAST;WEST;SOUTH;
30;24;2;NORTH;WEST;
30;25;2;NORTH;SOUTH;
30;26;2;NORTH;SOUTH;
30;27;2;NORTH;SOUTH;
30;28;2;WEST;SOUTH;
31;20;2;NORTH;WEST;
31;21;4;EAST;NORTH;WEST;SOUTH;
31;22;3;EAST;WEST;SOUTH;
32;21;2;NORTH;WEST;
32;22;2;WEST;SOUTH;

